<?xml version="1.0" encoding="UTF-8"?>
<robot generator="Robot 7.0 (Python 3.12.2 on win32)" generated="2024-03-26T11:28:14.360247" rpa="false" schemaversion="5">
<suite id="s1" name="rotaProfiles" source="D:\projetos\api_testing\tests\rotaProfiles.robot">
<test id="s1-t1" name="Criar Postagem e Verificar Dados" line="9">
<kw name="Given que a API está disponível" owner="ajuda">
<kw name="Create Session" owner="RequestsLibrary">
<msg time="2024-03-26T11:28:14.501116" level="INFO">Creating Session using : alias=JSONServer, url=http://localhost:3000, headers={},                     cookies={}, auth=None, timeout=None, proxies=None, verify=False,                     debug=0 </msg>
<arg>JSONServer</arg>
<arg>${BASE_URL}</arg>
<doc>Create Session: create a HTTP session to a server</doc>
<status status="PASS" start="2024-03-26T11:28:14.501116" elapsed="0.000000"/>
</kw>
<status status="PASS" start="2024-03-26T11:28:14.501116" elapsed="0.000000"/>
</kw>
<kw name="When eu realizar uma chamada POST com id &quot;4&quot;, título &quot;another title&quot;, e visualizações 200" owner="profiles" source_name="eu realizar uma chamada POST com id &quot;${post_id}&quot;, título &quot;${post_title}&quot;, e visualizações ${post_views}">
<kw name="Create Dictionary" owner="BuiltIn">
<msg time="2024-03-26T11:28:14.502115" level="INFO">${headers} = {'Content-Type': 'application/json'}</msg>
<var>${headers}</var>
<arg>Content-Type</arg>
<arg>application/json</arg>
<doc>Creates and returns a dictionary based on the given ``items``.</doc>
<status status="PASS" start="2024-03-26T11:28:14.502115" elapsed="0.000000"/>
</kw>
<kw name="Create Dictionary" owner="BuiltIn">
<msg time="2024-03-26T11:28:14.502115" level="INFO">${payload} = {'id': '4', 'title': 'another title', 'views': '200'}</msg>
<var>${payload}</var>
<arg>id=${post_id}</arg>
<arg>title=${post_title}</arg>
<arg>views=${post_views}</arg>
<doc>Creates and returns a dictionary based on the given ``items``.</doc>
<status status="PASS" start="2024-03-26T11:28:14.502115" elapsed="0.000000"/>
</kw>
<kw name="POST On Session" owner="RequestsLibrary">
<msg time="2024-03-26T11:28:14.510498" level="INFO">POST Request : url=http://localhost:3000/posts 
 path_url=/posts 
 headers={'User-Agent': 'python-requests/2.31.0', 'Accept-Encoding': 'gzip, deflate', 'Accept': '*/*', 'Connection': 'keep-alive', 'Content-Type': 'application/json', 'Content-Length': '53'} 
 body=b'{"id": "4", "title": "another title", "views": "200"}' 
 </msg>
<msg time="2024-03-26T11:28:14.511498" level="INFO">POST Response : url=http://localhost:3000/posts 
 status=201, reason=Created 
 headers={'X-Powered-By': 'tinyhttp', 'Access-Control-Allow-Origin': '*', 'Access-Control-Allow-Methods': 'GET, HEAD, PUT, PATCH, POST, DELETE', 'Access-Control-Allow-Headers': 'content-type', 'Content-Type': 'application/json', 'Date': 'Tue, 26 Mar 2024 14:28:14 GMT', 'Connection': 'keep-alive', 'Keep-Alive': 'timeout=5', 'Content-Length': '61'} 
 body={
  "id": "4",
  "title": "another title",
  "views": "200"
} 
 </msg>
<msg time="2024-03-26T11:28:14.511498" level="INFO">${response} = &lt;Response [201]&gt;</msg>
<var>${response}</var>
<arg>JSONServer</arg>
<arg>/posts</arg>
<arg>json=${payload}</arg>
<arg>headers=${headers}</arg>
<doc>Sends a POST request on a previously created HTTP Session.</doc>
<status status="PASS" start="2024-03-26T11:28:14.502115" elapsed="0.009383"/>
</kw>
<kw name="Set Test Variable" owner="BuiltIn">
<msg time="2024-03-26T11:28:14.511498" level="INFO">${RESPONSE1} = &lt;Response [201]&gt;</msg>
<arg>${RESPONSE1}</arg>
<arg>${response}</arg>
<doc>Makes a variable available everywhere within the scope of the current test.</doc>
<status status="PASS" start="2024-03-26T11:28:14.511498" elapsed="0.000000"/>
</kw>
<kw name="Log" owner="BuiltIn">
<msg time="2024-03-26T11:28:14.512497" level="INFO">{'id': '4', 'title': 'another title', 'views': '200'}</msg>
<arg>${RESPONSE1.json()}</arg>
<doc>Logs the given message with the given level.</doc>
<status status="PASS" start="2024-03-26T11:28:14.511498" elapsed="0.000999"/>
</kw>
<status status="PASS" start="2024-03-26T11:28:14.502115" elapsed="0.010382"/>
</kw>
<kw name="Then o status code da resposta deve ser 201" owner="ajuda" source_name="o status code da resposta deve ser ${expected_status_code}">
<kw name="Log" owner="BuiltIn">
<msg time="2024-03-26T11:28:14.513004" level="INFO">201</msg>
<arg>${RESPONSE1.status_code}</arg>
<doc>Logs the given message with the given level.</doc>
<status status="PASS" start="2024-03-26T11:28:14.513004" elapsed="0.000000"/>
</kw>
<kw name="Should Be Equal As Strings" owner="BuiltIn">
<msg time="2024-03-26T11:28:14.513004" level="INFO">Argument types are:
&lt;class 'int'&gt;
&lt;class 'str'&gt;</msg>
<arg>${RESPONSE1.status_code}</arg>
<arg>${expected_status_code}</arg>
<doc>Fails if objects are unequal after converting them to strings.</doc>
<status status="PASS" start="2024-03-26T11:28:14.513004" elapsed="0.000000"/>
</kw>
<status status="PASS" start="2024-03-26T11:28:14.512497" elapsed="0.000507"/>
</kw>
<kw name="And o id da postagem criada deve ser &quot;4&quot;" owner="profiles" source_name="o id da postagem criada deve ser &quot;${expected_post_id}&quot;">
<kw name="Convert To Dictionary" owner="Collections">
<msg time="2024-03-26T11:28:14.514011" level="INFO">${created_post} = {'id': '4', 'title': 'another title', 'views': '200'}</msg>
<var>${created_post}</var>
<arg>${RESPONSE1.json()}</arg>
<doc>Converts the given ``item`` to a Python ``dict`` type.</doc>
<status status="PASS" start="2024-03-26T11:28:14.514011" elapsed="0.000000"/>
</kw>
<kw name="Should Be Equal As Strings" owner="BuiltIn">
<arg>${created_post['id']}</arg>
<arg>${expected_post_id}</arg>
<doc>Fails if objects are unequal after converting them to strings.</doc>
<status status="PASS" start="2024-03-26T11:28:14.514011" elapsed="0.000000"/>
</kw>
<status status="PASS" start="2024-03-26T11:28:14.513004" elapsed="0.001007"/>
</kw>
<kw name="And o título da postagem criada deve ser &quot;another title&quot;" owner="profiles" source_name="o título da postagem criada deve ser &quot;${expected_title}&quot;">
<kw name="Convert To Dictionary" owner="Collections">
<msg time="2024-03-26T11:28:14.515398" level="INFO">${created_post} = {'id': '4', 'title': 'another title', 'views': '200'}</msg>
<var>${created_post}</var>
<arg>${RESPONSE1.json()}</arg>
<doc>Converts the given ``item`` to a Python ``dict`` type.</doc>
<status status="PASS" start="2024-03-26T11:28:14.514011" elapsed="0.001387"/>
</kw>
<kw name="Should Be Equal As Strings" owner="BuiltIn">
<arg>${created_post['title']}</arg>
<arg>${expected_title}</arg>
<doc>Fails if objects are unequal after converting them to strings.</doc>
<status status="PASS" start="2024-03-26T11:28:14.515398" elapsed="0.000000"/>
</kw>
<status status="PASS" start="2024-03-26T11:28:14.514011" elapsed="0.001387"/>
</kw>
<kw name="And as visualizações da postagem criada devem ser 200" owner="profiles" source_name="as visualizações da postagem criada devem ser ${expected_views}">
<kw name="Convert To Dictionary" owner="Collections">
<msg time="2024-03-26T11:28:14.516405" level="INFO">${created_post} = {'id': '4', 'title': 'another title', 'views': '200'}</msg>
<var>${created_post}</var>
<arg>${RESPONSE1.json()}</arg>
<doc>Converts the given ``item`` to a Python ``dict`` type.</doc>
<status status="PASS" start="2024-03-26T11:28:14.515398" elapsed="0.001007"/>
</kw>
<kw name="Should Be Equal As Strings" owner="BuiltIn">
<arg>${created_post['views']}</arg>
<arg>${expected_views}</arg>
<doc>Fails if objects are unequal after converting them to strings.</doc>
<status status="PASS" start="2024-03-26T11:28:14.516405" elapsed="0.000000"/>
</kw>
<status status="PASS" start="2024-03-26T11:28:14.515398" elapsed="0.001007"/>
</kw>
<kw name="And eu realizar uma chamada DELETE com o id da postagem criada" owner="ajuda">
<kw name="Create Dictionary" owner="BuiltIn">
<msg time="2024-03-26T11:28:14.517404" level="INFO">${headers} = {'Content-Type': 'application/json'}</msg>
<var>${headers}</var>
<arg>Content-Type</arg>
<arg>application/json</arg>
<doc>Creates and returns a dictionary based on the given ``items``.</doc>
<status status="PASS" start="2024-03-26T11:28:14.517404" elapsed="0.000000"/>
</kw>
<kw name="DELETE On Session" owner="RequestsLibrary">
<msg time="2024-03-26T11:28:14.521405" level="INFO">DELETE Request : url=http://localhost:3000/posts/4 
 path_url=/posts/4 
 headers={'User-Agent': 'python-requests/2.31.0', 'Accept-Encoding': 'gzip, deflate', 'Accept': '*/*', 'Connection': 'keep-alive', 'Content-Type': 'application/json', 'Content-Length': '0'} 
 body=None 
 </msg>
<msg time="2024-03-26T11:28:14.521405" level="INFO">DELETE Response : url=http://localhost:3000/posts/4 
 status=200, reason=OK 
 headers={'X-Powered-By': 'tinyhttp', 'Access-Control-Allow-Origin': '*', 'Access-Control-Allow-Methods': 'GET, HEAD, PUT, PATCH, POST, DELETE', 'Access-Control-Allow-Headers': 'content-type', 'Content-Type': 'application/json', 'Date': 'Tue, 26 Mar 2024 14:28:14 GMT', 'Connection': 'keep-alive', 'Keep-Alive': 'timeout=5', 'Content-Length': '61'} 
 body={
  "id": "4",
  "title": "another title",
  "views": "200"
} 
 </msg>
<msg time="2024-03-26T11:28:14.521405" level="INFO">${responseDelete} = &lt;Response [200]&gt;</msg>
<var>${responseDelete}</var>
<arg>JSONServer</arg>
<arg>/posts/${RESPONSE1.json()['id']}</arg>
<arg>headers=${headers}</arg>
<doc>Sends a DELETE request on a previously created HTTP Session.</doc>
<status status="PASS" start="2024-03-26T11:28:14.517404" elapsed="0.004001"/>
</kw>
<kw name="Set Test Variable" owner="BuiltIn">
<msg time="2024-03-26T11:28:14.521405" level="INFO">${RESPONSE1} = &lt;Response [200]&gt;</msg>
<arg>${RESPONSE1}</arg>
<arg>${responseDelete}</arg>
<doc>Makes a variable available everywhere within the scope of the current test.</doc>
<status status="PASS" start="2024-03-26T11:28:14.521405" elapsed="0.000000"/>
</kw>
<status status="PASS" start="2024-03-26T11:28:14.516405" elapsed="0.005000"/>
</kw>
<doc>Como usuário, quero criar uma nova postagem na API e verificar seus dados</doc>
<tag>api</tag>
<tag>criar_postagem</tag>
<status status="PASS" start="2024-03-26T11:28:14.500117" elapsed="0.022289"/>
</test>
<test id="s1-t2" name="Deletar Postagem" line="20">
<kw name="Given que a API está disponível" owner="ajuda">
<kw name="Create Session" owner="RequestsLibrary">
<msg time="2024-03-26T11:28:14.523432" level="INFO">Creating Session using : alias=JSONServer, url=http://localhost:3000, headers={},                     cookies={}, auth=None, timeout=None, proxies=None, verify=False,                     debug=0 </msg>
<arg>JSONServer</arg>
<arg>${BASE_URL}</arg>
<doc>Create Session: create a HTTP session to a server</doc>
<status status="PASS" start="2024-03-26T11:28:14.523432" elapsed="0.000000"/>
</kw>
<status status="PASS" start="2024-03-26T11:28:14.523432" elapsed="0.000000"/>
</kw>
<kw name="And eu realizar uma chamada POST com id &quot;4&quot;, título &quot;another title&quot;, e visualizações 200" owner="profiles" source_name="eu realizar uma chamada POST com id &quot;${post_id}&quot;, título &quot;${post_title}&quot;, e visualizações ${post_views}">
<kw name="Create Dictionary" owner="BuiltIn">
<msg time="2024-03-26T11:28:14.523432" level="INFO">${headers} = {'Content-Type': 'application/json'}</msg>
<var>${headers}</var>
<arg>Content-Type</arg>
<arg>application/json</arg>
<doc>Creates and returns a dictionary based on the given ``items``.</doc>
<status status="PASS" start="2024-03-26T11:28:14.523432" elapsed="0.000000"/>
</kw>
<kw name="Create Dictionary" owner="BuiltIn">
<msg time="2024-03-26T11:28:14.523432" level="INFO">${payload} = {'id': '4', 'title': 'another title', 'views': '200'}</msg>
<var>${payload}</var>
<arg>id=${post_id}</arg>
<arg>title=${post_title}</arg>
<arg>views=${post_views}</arg>
<doc>Creates and returns a dictionary based on the given ``items``.</doc>
<status status="PASS" start="2024-03-26T11:28:14.523432" elapsed="0.000000"/>
</kw>
<kw name="POST On Session" owner="RequestsLibrary">
<msg time="2024-03-26T11:28:14.527864" level="INFO">POST Request : url=http://localhost:3000/posts 
 path_url=/posts 
 headers={'User-Agent': 'python-requests/2.31.0', 'Accept-Encoding': 'gzip, deflate', 'Accept': '*/*', 'Connection': 'keep-alive', 'Content-Type': 'application/json', 'Content-Length': '53'} 
 body=b'{"id": "4", "title": "another title", "views": "200"}' 
 </msg>
<msg time="2024-03-26T11:28:14.527864" level="INFO">POST Response : url=http://localhost:3000/posts 
 status=201, reason=Created 
 headers={'X-Powered-By': 'tinyhttp', 'Access-Control-Allow-Origin': '*', 'Access-Control-Allow-Methods': 'GET, HEAD, PUT, PATCH, POST, DELETE', 'Access-Control-Allow-Headers': 'content-type', 'Content-Type': 'application/json', 'Date': 'Tue, 26 Mar 2024 14:28:14 GMT', 'Connection': 'keep-alive', 'Keep-Alive': 'timeout=5', 'Content-Length': '61'} 
 body={
  "id": "4",
  "title": "another title",
  "views": "200"
} 
 </msg>
<msg time="2024-03-26T11:28:14.527864" level="INFO">${response} = &lt;Response [201]&gt;</msg>
<var>${response}</var>
<arg>JSONServer</arg>
<arg>/posts</arg>
<arg>json=${payload}</arg>
<arg>headers=${headers}</arg>
<doc>Sends a POST request on a previously created HTTP Session.</doc>
<status status="PASS" start="2024-03-26T11:28:14.524858" elapsed="0.003006"/>
</kw>
<kw name="Set Test Variable" owner="BuiltIn">
<msg time="2024-03-26T11:28:14.527864" level="INFO">${RESPONSE1} = &lt;Response [201]&gt;</msg>
<arg>${RESPONSE1}</arg>
<arg>${response}</arg>
<doc>Makes a variable available everywhere within the scope of the current test.</doc>
<status status="PASS" start="2024-03-26T11:28:14.527864" elapsed="0.000000"/>
</kw>
<kw name="Log" owner="BuiltIn">
<msg time="2024-03-26T11:28:14.528912" level="INFO">{'id': '4', 'title': 'another title', 'views': '200'}</msg>
<arg>${RESPONSE1.json()}</arg>
<doc>Logs the given message with the given level.</doc>
<status status="PASS" start="2024-03-26T11:28:14.527864" elapsed="0.001048"/>
</kw>
<status status="PASS" start="2024-03-26T11:28:14.523432" elapsed="0.005480"/>
</kw>
<kw name="When eu realizar uma chamada DELETE com o id &quot;4&quot;" owner="profiles" source_name="eu realizar uma chamada DELETE com o id &quot;${post_id}&quot;">
<kw name="Create Dictionary" owner="BuiltIn">
<msg time="2024-03-26T11:28:14.528912" level="INFO">${headers} = {'Content-Type': 'application/json'}</msg>
<var>${headers}</var>
<arg>Content-Type</arg>
<arg>application/json</arg>
<doc>Creates and returns a dictionary based on the given ``items``.</doc>
<status status="PASS" start="2024-03-26T11:28:14.528912" elapsed="0.000000"/>
</kw>
<kw name="DELETE On Session" owner="RequestsLibrary">
<msg time="2024-03-26T11:28:14.532417" level="INFO">DELETE Request : url=http://localhost:3000/posts/4 
 path_url=/posts/4 
 headers={'User-Agent': 'python-requests/2.31.0', 'Accept-Encoding': 'gzip, deflate', 'Accept': '*/*', 'Connection': 'keep-alive', 'Content-Type': 'application/json', 'Content-Length': '0'} 
 body=None 
 </msg>
<msg time="2024-03-26T11:28:14.532417" level="INFO">DELETE Response : url=http://localhost:3000/posts/4 
 status=200, reason=OK 
 headers={'X-Powered-By': 'tinyhttp', 'Access-Control-Allow-Origin': '*', 'Access-Control-Allow-Methods': 'GET, HEAD, PUT, PATCH, POST, DELETE', 'Access-Control-Allow-Headers': 'content-type', 'Content-Type': 'application/json', 'Date': 'Tue, 26 Mar 2024 14:28:14 GMT', 'Connection': 'keep-alive', 'Keep-Alive': 'timeout=5', 'Content-Length': '61'} 
 body={
  "id": "4",
  "title": "another title",
  "views": "200"
} 
 </msg>
<msg time="2024-03-26T11:28:14.532417" level="INFO">${responseDelete} = &lt;Response [200]&gt;</msg>
<var>${responseDelete}</var>
<arg>JSONServer</arg>
<arg>/posts/${post_id}</arg>
<arg>headers=${headers}</arg>
<doc>Sends a DELETE request on a previously created HTTP Session.</doc>
<status status="PASS" start="2024-03-26T11:28:14.528912" elapsed="0.003505"/>
</kw>
<kw name="Set Test Variable" owner="BuiltIn">
<msg time="2024-03-26T11:28:14.533425" level="INFO">${RESPONSE1} = &lt;Response [200]&gt;</msg>
<arg>${RESPONSE1}</arg>
<arg>${responseDelete}</arg>
<doc>Makes a variable available everywhere within the scope of the current test.</doc>
<status status="PASS" start="2024-03-26T11:28:14.533425" elapsed="0.000000"/>
</kw>
<status status="PASS" start="2024-03-26T11:28:14.528912" elapsed="0.004513"/>
</kw>
<kw name="Then o status code da resposta deve ser 200" owner="ajuda" source_name="o status code da resposta deve ser ${expected_status_code}">
<kw name="Log" owner="BuiltIn">
<msg time="2024-03-26T11:28:14.534711" level="INFO">200</msg>
<arg>${RESPONSE1.status_code}</arg>
<doc>Logs the given message with the given level.</doc>
<status status="PASS" start="2024-03-26T11:28:14.534711" elapsed="0.000000"/>
</kw>
<kw name="Should Be Equal As Strings" owner="BuiltIn">
<msg time="2024-03-26T11:28:14.534711" level="INFO">Argument types are:
&lt;class 'int'&gt;
&lt;class 'str'&gt;</msg>
<arg>${RESPONSE1.status_code}</arg>
<arg>${expected_status_code}</arg>
<doc>Fails if objects are unequal after converting them to strings.</doc>
<status status="PASS" start="2024-03-26T11:28:14.534711" elapsed="0.001007"/>
</kw>
<status status="PASS" start="2024-03-26T11:28:14.533425" elapsed="0.002293"/>
</kw>
<doc>Como usuário, quero deletar uma postagem na API</doc>
<tag>api</tag>
<tag>deletar_postagem</tag>
<status status="PASS" start="2024-03-26T11:28:14.522406" elapsed="0.013312"/>
</test>
<test id="s1-t3" name="Buscar Postagem por ID" line="28">
<kw name="Given que a API está disponível" owner="ajuda">
<kw name="Create Session" owner="RequestsLibrary">
<msg time="2024-03-26T11:28:14.536720" level="INFO">Creating Session using : alias=JSONServer, url=http://localhost:3000, headers={},                     cookies={}, auth=None, timeout=None, proxies=None, verify=False,                     debug=0 </msg>
<arg>JSONServer</arg>
<arg>${BASE_URL}</arg>
<doc>Create Session: create a HTTP session to a server</doc>
<status status="PASS" start="2024-03-26T11:28:14.536720" elapsed="0.000000"/>
</kw>
<status status="PASS" start="2024-03-26T11:28:14.536720" elapsed="0.000000"/>
</kw>
<kw name="And eu realizar uma chamada POST com id &quot;5&quot;, título &quot;another title&quot;, e visualizações 200" owner="profiles" source_name="eu realizar uma chamada POST com id &quot;${post_id}&quot;, título &quot;${post_title}&quot;, e visualizações ${post_views}">
<kw name="Create Dictionary" owner="BuiltIn">
<msg time="2024-03-26T11:28:14.538154" level="INFO">${headers} = {'Content-Type': 'application/json'}</msg>
<var>${headers}</var>
<arg>Content-Type</arg>
<arg>application/json</arg>
<doc>Creates and returns a dictionary based on the given ``items``.</doc>
<status status="PASS" start="2024-03-26T11:28:14.538154" elapsed="0.000000"/>
</kw>
<kw name="Create Dictionary" owner="BuiltIn">
<msg time="2024-03-26T11:28:14.538154" level="INFO">${payload} = {'id': '5', 'title': 'another title', 'views': '200'}</msg>
<var>${payload}</var>
<arg>id=${post_id}</arg>
<arg>title=${post_title}</arg>
<arg>views=${post_views}</arg>
<doc>Creates and returns a dictionary based on the given ``items``.</doc>
<status status="PASS" start="2024-03-26T11:28:14.538154" elapsed="0.000000"/>
</kw>
<kw name="POST On Session" owner="RequestsLibrary">
<msg time="2024-03-26T11:28:14.541659" level="INFO">POST Request : url=http://localhost:3000/posts 
 path_url=/posts 
 headers={'User-Agent': 'python-requests/2.31.0', 'Accept-Encoding': 'gzip, deflate', 'Accept': '*/*', 'Connection': 'keep-alive', 'Content-Type': 'application/json', 'Content-Length': '53'} 
 body=b'{"id": "5", "title": "another title", "views": "200"}' 
 </msg>
<msg time="2024-03-26T11:28:14.541659" level="INFO">POST Response : url=http://localhost:3000/posts 
 status=201, reason=Created 
 headers={'X-Powered-By': 'tinyhttp', 'Access-Control-Allow-Origin': '*', 'Access-Control-Allow-Methods': 'GET, HEAD, PUT, PATCH, POST, DELETE', 'Access-Control-Allow-Headers': 'content-type', 'Content-Type': 'application/json', 'Date': 'Tue, 26 Mar 2024 14:28:14 GMT', 'Connection': 'keep-alive', 'Keep-Alive': 'timeout=5', 'Content-Length': '61'} 
 body={
  "id": "5",
  "title": "another title",
  "views": "200"
} 
 </msg>
<msg time="2024-03-26T11:28:14.541659" level="INFO">${response} = &lt;Response [201]&gt;</msg>
<var>${response}</var>
<arg>JSONServer</arg>
<arg>/posts</arg>
<arg>json=${payload}</arg>
<arg>headers=${headers}</arg>
<doc>Sends a POST request on a previously created HTTP Session.</doc>
<status status="PASS" start="2024-03-26T11:28:14.538154" elapsed="0.003505"/>
</kw>
<kw name="Set Test Variable" owner="BuiltIn">
<msg time="2024-03-26T11:28:14.542163" level="INFO">${RESPONSE1} = &lt;Response [201]&gt;</msg>
<arg>${RESPONSE1}</arg>
<arg>${response}</arg>
<doc>Makes a variable available everywhere within the scope of the current test.</doc>
<status status="PASS" start="2024-03-26T11:28:14.542163" elapsed="0.000000"/>
</kw>
<kw name="Log" owner="BuiltIn">
<msg time="2024-03-26T11:28:14.542163" level="INFO">{'id': '5', 'title': 'another title', 'views': '200'}</msg>
<arg>${RESPONSE1.json()}</arg>
<doc>Logs the given message with the given level.</doc>
<status status="PASS" start="2024-03-26T11:28:14.542163" elapsed="0.000000"/>
</kw>
<status status="PASS" start="2024-03-26T11:28:14.536720" elapsed="0.005443"/>
</kw>
<kw name="When eu realizar uma chamada GET com o id &quot;5&quot;" owner="profiles" source_name="eu realizar uma chamada GET com o id &quot;${post_id}&quot;">
<kw name="GET On Session" owner="RequestsLibrary">
<msg time="2024-03-26T11:28:14.544173" level="INFO">GET Request : url=http://localhost:3000/posts/5 
 path_url=/posts/5 
 headers={'User-Agent': 'python-requests/2.31.0', 'Accept-Encoding': 'gzip, deflate', 'Accept': '*/*', 'Connection': 'keep-alive'} 
 body=None 
 </msg>
<msg time="2024-03-26T11:28:14.545171" level="INFO">GET Response : url=http://localhost:3000/posts/5 
 status=200, reason=OK 
 headers={'X-Powered-By': 'tinyhttp', 'Access-Control-Allow-Origin': '*', 'Access-Control-Allow-Methods': 'GET, HEAD, PUT, PATCH, POST, DELETE', 'Access-Control-Allow-Headers': 'content-type', 'Content-Type': 'application/json', 'Date': 'Tue, 26 Mar 2024 14:28:14 GMT', 'Connection': 'keep-alive', 'Keep-Alive': 'timeout=5', 'Content-Length': '61'} 
 body={
  "id": "5",
  "title": "another title",
  "views": "200"
} 
 </msg>
<msg time="2024-03-26T11:28:14.545171" level="INFO">${response} = &lt;Response [200]&gt;</msg>
<var>${response}</var>
<arg>JSONServer</arg>
<arg>/posts/${post_id}</arg>
<doc>Sends a GET request on a previously created HTTP Session.</doc>
<status status="PASS" start="2024-03-26T11:28:14.543170" elapsed="0.002001"/>
</kw>
<kw name="Set Test Variable" owner="BuiltIn">
<msg time="2024-03-26T11:28:14.545171" level="INFO">${RESPONSE1} = &lt;Response [200]&gt;</msg>
<arg>${RESPONSE1}</arg>
<arg>${response}</arg>
<doc>Makes a variable available everywhere within the scope of the current test.</doc>
<status status="PASS" start="2024-03-26T11:28:14.545171" elapsed="0.000000"/>
</kw>
<status status="PASS" start="2024-03-26T11:28:14.543170" elapsed="0.002001"/>
</kw>
<kw name="Then o status code da resposta deve ser 200" owner="ajuda" source_name="o status code da resposta deve ser ${expected_status_code}">
<kw name="Log" owner="BuiltIn">
<msg time="2024-03-26T11:28:14.546169" level="INFO">200</msg>
<arg>${RESPONSE1.status_code}</arg>
<doc>Logs the given message with the given level.</doc>
<status status="PASS" start="2024-03-26T11:28:14.545171" elapsed="0.000998"/>
</kw>
<kw name="Should Be Equal As Strings" owner="BuiltIn">
<msg time="2024-03-26T11:28:14.546169" level="INFO">Argument types are:
&lt;class 'int'&gt;
&lt;class 'str'&gt;</msg>
<arg>${RESPONSE1.status_code}</arg>
<arg>${expected_status_code}</arg>
<doc>Fails if objects are unequal after converting them to strings.</doc>
<status status="PASS" start="2024-03-26T11:28:14.546169" elapsed="0.000000"/>
</kw>
<status status="PASS" start="2024-03-26T11:28:14.545171" elapsed="0.000998"/>
</kw>
<kw name="And o título da postagem criada deve ser &quot;another title&quot;" owner="profiles" source_name="o título da postagem criada deve ser &quot;${expected_title}&quot;">
<kw name="Convert To Dictionary" owner="Collections">
<msg time="2024-03-26T11:28:14.547167" level="INFO">${created_post} = {'id': '5', 'title': 'another title', 'views': '200'}</msg>
<var>${created_post}</var>
<arg>${RESPONSE1.json()}</arg>
<doc>Converts the given ``item`` to a Python ``dict`` type.</doc>
<status status="PASS" start="2024-03-26T11:28:14.546169" elapsed="0.000998"/>
</kw>
<kw name="Should Be Equal As Strings" owner="BuiltIn">
<arg>${created_post['title']}</arg>
<arg>${expected_title}</arg>
<doc>Fails if objects are unequal after converting them to strings.</doc>
<status status="PASS" start="2024-03-26T11:28:14.547167" elapsed="0.000000"/>
</kw>
<status status="PASS" start="2024-03-26T11:28:14.546169" elapsed="0.000998"/>
</kw>
<kw name="And as visualizações da postagem criada devem ser 200" owner="profiles" source_name="as visualizações da postagem criada devem ser ${expected_views}">
<kw name="Convert To Dictionary" owner="Collections">
<msg time="2024-03-26T11:28:14.548170" level="INFO">${created_post} = {'id': '5', 'title': 'another title', 'views': '200'}</msg>
<var>${created_post}</var>
<arg>${RESPONSE1.json()}</arg>
<doc>Converts the given ``item`` to a Python ``dict`` type.</doc>
<status status="PASS" start="2024-03-26T11:28:14.547167" elapsed="0.001003"/>
</kw>
<kw name="Should Be Equal As Strings" owner="BuiltIn">
<arg>${created_post['views']}</arg>
<arg>${expected_views}</arg>
<doc>Fails if objects are unequal after converting them to strings.</doc>
<status status="PASS" start="2024-03-26T11:28:14.548170" elapsed="0.000000"/>
</kw>
<status status="PASS" start="2024-03-26T11:28:14.547167" elapsed="0.001003"/>
</kw>
<kw name="And eu realizar uma chamada DELETE com o id da postagem criada" owner="ajuda">
<kw name="Create Dictionary" owner="BuiltIn">
<msg time="2024-03-26T11:28:14.549169" level="INFO">${headers} = {'Content-Type': 'application/json'}</msg>
<var>${headers}</var>
<arg>Content-Type</arg>
<arg>application/json</arg>
<doc>Creates and returns a dictionary based on the given ``items``.</doc>
<status status="PASS" start="2024-03-26T11:28:14.549169" elapsed="0.000000"/>
</kw>
<kw name="DELETE On Session" owner="RequestsLibrary">
<msg time="2024-03-26T11:28:14.552677" level="INFO">DELETE Request : url=http://localhost:3000/posts/5 
 path_url=/posts/5 
 headers={'User-Agent': 'python-requests/2.31.0', 'Accept-Encoding': 'gzip, deflate', 'Accept': '*/*', 'Connection': 'keep-alive', 'Content-Type': 'application/json', 'Content-Length': '0'} 
 body=None 
 </msg>
<msg time="2024-03-26T11:28:14.552677" level="INFO">DELETE Response : url=http://localhost:3000/posts/5 
 status=200, reason=OK 
 headers={'X-Powered-By': 'tinyhttp', 'Access-Control-Allow-Origin': '*', 'Access-Control-Allow-Methods': 'GET, HEAD, PUT, PATCH, POST, DELETE', 'Access-Control-Allow-Headers': 'content-type', 'Content-Type': 'application/json', 'Date': 'Tue, 26 Mar 2024 14:28:14 GMT', 'Connection': 'keep-alive', 'Keep-Alive': 'timeout=5', 'Content-Length': '61'} 
 body={
  "id": "5",
  "title": "another title",
  "views": "200"
} 
 </msg>
<msg time="2024-03-26T11:28:14.552677" level="INFO">${responseDelete} = &lt;Response [200]&gt;</msg>
<var>${responseDelete}</var>
<arg>JSONServer</arg>
<arg>/posts/${RESPONSE1.json()['id']}</arg>
<arg>headers=${headers}</arg>
<doc>Sends a DELETE request on a previously created HTTP Session.</doc>
<status status="PASS" start="2024-03-26T11:28:14.549169" elapsed="0.003508"/>
</kw>
<kw name="Set Test Variable" owner="BuiltIn">
<msg time="2024-03-26T11:28:14.552677" level="INFO">${RESPONSE1} = &lt;Response [200]&gt;</msg>
<arg>${RESPONSE1}</arg>
<arg>${responseDelete}</arg>
<doc>Makes a variable available everywhere within the scope of the current test.</doc>
<status status="PASS" start="2024-03-26T11:28:14.552677" elapsed="0.001008"/>
</kw>
<status status="PASS" start="2024-03-26T11:28:14.549169" elapsed="0.004516"/>
</kw>
<doc>Como usuário, buscar uma postagem por id</doc>
<tag>api</tag>
<tag>buscar_postagem</tag>
<status status="PASS" start="2024-03-26T11:28:14.535718" elapsed="0.017967"/>
</test>
<test id="s1-t4" name="Atualizar Postagem Existente e Verificar Dados" line="39">
<kw name="Given que a API está disponível" owner="ajuda">
<kw name="Create Session" owner="RequestsLibrary">
<msg time="2024-03-26T11:28:14.554686" level="INFO">Creating Session using : alias=JSONServer, url=http://localhost:3000, headers={},                     cookies={}, auth=None, timeout=None, proxies=None, verify=False,                     debug=0 </msg>
<arg>JSONServer</arg>
<arg>${BASE_URL}</arg>
<doc>Create Session: create a HTTP session to a server</doc>
<status status="PASS" start="2024-03-26T11:28:14.554686" elapsed="0.000000"/>
</kw>
<status status="PASS" start="2024-03-26T11:28:14.554686" elapsed="0.000000"/>
</kw>
<kw name="And eu realizar uma chamada POST com id &quot;5&quot;, título &quot;another title&quot;, e visualizações 200" owner="profiles" source_name="eu realizar uma chamada POST com id &quot;${post_id}&quot;, título &quot;${post_title}&quot;, e visualizações ${post_views}">
<kw name="Create Dictionary" owner="BuiltIn">
<msg time="2024-03-26T11:28:14.555685" level="INFO">${headers} = {'Content-Type': 'application/json'}</msg>
<var>${headers}</var>
<arg>Content-Type</arg>
<arg>application/json</arg>
<doc>Creates and returns a dictionary based on the given ``items``.</doc>
<status status="PASS" start="2024-03-26T11:28:14.555685" elapsed="0.000000"/>
</kw>
<kw name="Create Dictionary" owner="BuiltIn">
<msg time="2024-03-26T11:28:14.555685" level="INFO">${payload} = {'id': '5', 'title': 'another title', 'views': '200'}</msg>
<var>${payload}</var>
<arg>id=${post_id}</arg>
<arg>title=${post_title}</arg>
<arg>views=${post_views}</arg>
<doc>Creates and returns a dictionary based on the given ``items``.</doc>
<status status="PASS" start="2024-03-26T11:28:14.555685" elapsed="0.000000"/>
</kw>
<kw name="POST On Session" owner="RequestsLibrary">
<msg time="2024-03-26T11:28:14.558685" level="INFO">POST Request : url=http://localhost:3000/posts 
 path_url=/posts 
 headers={'User-Agent': 'python-requests/2.31.0', 'Accept-Encoding': 'gzip, deflate', 'Accept': '*/*', 'Connection': 'keep-alive', 'Content-Type': 'application/json', 'Content-Length': '53'} 
 body=b'{"id": "5", "title": "another title", "views": "200"}' 
 </msg>
<msg time="2024-03-26T11:28:14.558685" level="INFO">POST Response : url=http://localhost:3000/posts 
 status=201, reason=Created 
 headers={'X-Powered-By': 'tinyhttp', 'Access-Control-Allow-Origin': '*', 'Access-Control-Allow-Methods': 'GET, HEAD, PUT, PATCH, POST, DELETE', 'Access-Control-Allow-Headers': 'content-type', 'Content-Type': 'application/json', 'Date': 'Tue, 26 Mar 2024 14:28:14 GMT', 'Connection': 'keep-alive', 'Keep-Alive': 'timeout=5', 'Content-Length': '61'} 
 body={
  "id": "5",
  "title": "another title",
  "views": "200"
} 
 </msg>
<msg time="2024-03-26T11:28:14.558685" level="INFO">${response} = &lt;Response [201]&gt;</msg>
<var>${response}</var>
<arg>JSONServer</arg>
<arg>/posts</arg>
<arg>json=${payload}</arg>
<arg>headers=${headers}</arg>
<doc>Sends a POST request on a previously created HTTP Session.</doc>
<status status="PASS" start="2024-03-26T11:28:14.555685" elapsed="0.003000"/>
</kw>
<kw name="Set Test Variable" owner="BuiltIn">
<msg time="2024-03-26T11:28:14.560060" level="INFO">${RESPONSE1} = &lt;Response [201]&gt;</msg>
<arg>${RESPONSE1}</arg>
<arg>${response}</arg>
<doc>Makes a variable available everywhere within the scope of the current test.</doc>
<status status="PASS" start="2024-03-26T11:28:14.558685" elapsed="0.001375"/>
</kw>
<kw name="Log" owner="BuiltIn">
<msg time="2024-03-26T11:28:14.560060" level="INFO">{'id': '5', 'title': 'another title', 'views': '200'}</msg>
<arg>${RESPONSE1.json()}</arg>
<doc>Logs the given message with the given level.</doc>
<status status="PASS" start="2024-03-26T11:28:14.560060" elapsed="0.000000"/>
</kw>
<status status="PASS" start="2024-03-26T11:28:14.555685" elapsed="0.004375"/>
</kw>
<kw name="When eu realizar uma chamada PUT para atualizar a postagem com id &quot;5&quot; com o título &quot;updated title&quot; e visualizações 300" owner="profiles" source_name="eu realizar uma chamada PUT para atualizar a postagem com id &quot;${post_id}&quot; com o título &quot;${post_title}&quot; e visualizações ${post_views}">
<kw name="Create Dictionary" owner="BuiltIn">
<msg time="2024-03-26T11:28:14.561067" level="INFO">${headers} = {'Content-Type': 'application/json'}</msg>
<var>${headers}</var>
<arg>Content-Type</arg>
<arg>application/json</arg>
<doc>Creates and returns a dictionary based on the given ``items``.</doc>
<status status="PASS" start="2024-03-26T11:28:14.561067" elapsed="0.000000"/>
</kw>
<kw name="Create Dictionary" owner="BuiltIn">
<msg time="2024-03-26T11:28:14.561067" level="INFO">${payload} = {'id': '5', 'title': 'updated title', 'views': '300'}</msg>
<var>${payload}</var>
<arg>id=${post_id}</arg>
<arg>title=${post_title}</arg>
<arg>views=${post_views}</arg>
<doc>Creates and returns a dictionary based on the given ``items``.</doc>
<status status="PASS" start="2024-03-26T11:28:14.561067" elapsed="0.000000"/>
</kw>
<kw name="PUT On Session" owner="RequestsLibrary">
<msg time="2024-03-26T11:28:14.563582" level="INFO">PUT Request : url=http://localhost:3000/posts/5 
 path_url=/posts/5 
 headers={'User-Agent': 'python-requests/2.31.0', 'Accept-Encoding': 'gzip, deflate', 'Accept': '*/*', 'Connection': 'keep-alive', 'Content-Type': 'application/json', 'Content-Length': '53'} 
 body=b'{"id": "5", "title": "updated title", "views": "300"}' 
 </msg>
<msg time="2024-03-26T11:28:14.563582" level="INFO">PUT Response : url=http://localhost:3000/posts/5 
 status=200, reason=OK 
 headers={'X-Powered-By': 'tinyhttp', 'Access-Control-Allow-Origin': '*', 'Access-Control-Allow-Methods': 'GET, HEAD, PUT, PATCH, POST, DELETE', 'Access-Control-Allow-Headers': 'content-type', 'Content-Type': 'application/json', 'Date': 'Tue, 26 Mar 2024 14:28:14 GMT', 'Connection': 'keep-alive', 'Keep-Alive': 'timeout=5', 'Content-Length': '61'} 
 body={
  "id": "5",
  "title": "updated title",
  "views": "300"
} 
 </msg>
<msg time="2024-03-26T11:28:14.564582" level="INFO">${response} = &lt;Response [200]&gt;</msg>
<var>${response}</var>
<arg>JSONServer</arg>
<arg>/posts/${post_id}</arg>
<arg>json=${payload}</arg>
<arg>headers=${headers}</arg>
<doc>Sends a PUT request on a previously created HTTP Session.</doc>
<status status="PASS" start="2024-03-26T11:28:14.561067" elapsed="0.003515"/>
</kw>
<kw name="Set Test Variable" owner="BuiltIn">
<msg time="2024-03-26T11:28:14.564582" level="INFO">${RESPONSE1} = &lt;Response [200]&gt;</msg>
<arg>${RESPONSE1}</arg>
<arg>${response}</arg>
<doc>Makes a variable available everywhere within the scope of the current test.</doc>
<status status="PASS" start="2024-03-26T11:28:14.564582" elapsed="0.000000"/>
</kw>
<status status="PASS" start="2024-03-26T11:28:14.560060" elapsed="0.004522"/>
</kw>
<kw name="Then o status code da resposta deve ser 200" owner="ajuda" source_name="o status code da resposta deve ser ${expected_status_code}">
<kw name="Log" owner="BuiltIn">
<msg time="2024-03-26T11:28:14.565593" level="INFO">200</msg>
<arg>${RESPONSE1.status_code}</arg>
<doc>Logs the given message with the given level.</doc>
<status status="PASS" start="2024-03-26T11:28:14.564582" elapsed="0.001011"/>
</kw>
<kw name="Should Be Equal As Strings" owner="BuiltIn">
<msg time="2024-03-26T11:28:14.565593" level="INFO">Argument types are:
&lt;class 'int'&gt;
&lt;class 'str'&gt;</msg>
<arg>${RESPONSE1.status_code}</arg>
<arg>${expected_status_code}</arg>
<doc>Fails if objects are unequal after converting them to strings.</doc>
<status status="PASS" start="2024-03-26T11:28:14.565593" elapsed="0.000000"/>
</kw>
<status status="PASS" start="2024-03-26T11:28:14.564582" elapsed="0.001011"/>
</kw>
<kw name="And o título da postagem criada deve ser &quot;updated title&quot;" owner="profiles" source_name="o título da postagem criada deve ser &quot;${expected_title}&quot;">
<kw name="Convert To Dictionary" owner="Collections">
<msg time="2024-03-26T11:28:14.566599" level="INFO">${created_post} = {'id': '5', 'title': 'updated title', 'views': '300'}</msg>
<var>${created_post}</var>
<arg>${RESPONSE1.json()}</arg>
<doc>Converts the given ``item`` to a Python ``dict`` type.</doc>
<status status="PASS" start="2024-03-26T11:28:14.565593" elapsed="0.001006"/>
</kw>
<kw name="Should Be Equal As Strings" owner="BuiltIn">
<arg>${created_post['title']}</arg>
<arg>${expected_title}</arg>
<doc>Fails if objects are unequal after converting them to strings.</doc>
<status status="PASS" start="2024-03-26T11:28:14.566599" elapsed="0.000000"/>
</kw>
<status status="PASS" start="2024-03-26T11:28:14.565593" elapsed="0.001006"/>
</kw>
<kw name="And as visualizações da postagem criada devem ser 300" owner="profiles" source_name="as visualizações da postagem criada devem ser ${expected_views}">
<kw name="Convert To Dictionary" owner="Collections">
<msg time="2024-03-26T11:28:14.567600" level="INFO">${created_post} = {'id': '5', 'title': 'updated title', 'views': '300'}</msg>
<var>${created_post}</var>
<arg>${RESPONSE1.json()}</arg>
<doc>Converts the given ``item`` to a Python ``dict`` type.</doc>
<status status="PASS" start="2024-03-26T11:28:14.567600" elapsed="0.000000"/>
</kw>
<kw name="Should Be Equal As Strings" owner="BuiltIn">
<arg>${created_post['views']}</arg>
<arg>${expected_views}</arg>
<doc>Fails if objects are unequal after converting them to strings.</doc>
<status status="PASS" start="2024-03-26T11:28:14.567600" elapsed="0.000000"/>
</kw>
<status status="PASS" start="2024-03-26T11:28:14.566599" elapsed="0.001001"/>
</kw>
<kw name="And eu realizar uma chamada DELETE com o id da postagem criada" owner="ajuda">
<kw name="Create Dictionary" owner="BuiltIn">
<msg time="2024-03-26T11:28:14.568599" level="INFO">${headers} = {'Content-Type': 'application/json'}</msg>
<var>${headers}</var>
<arg>Content-Type</arg>
<arg>application/json</arg>
<doc>Creates and returns a dictionary based on the given ``items``.</doc>
<status status="PASS" start="2024-03-26T11:28:14.568599" elapsed="0.000000"/>
</kw>
<kw name="DELETE On Session" owner="RequestsLibrary">
<msg time="2024-03-26T11:28:14.572106" level="INFO">DELETE Request : url=http://localhost:3000/posts/5 
 path_url=/posts/5 
 headers={'User-Agent': 'python-requests/2.31.0', 'Accept-Encoding': 'gzip, deflate', 'Accept': '*/*', 'Connection': 'keep-alive', 'Content-Type': 'application/json', 'Content-Length': '0'} 
 body=None 
 </msg>
<msg time="2024-03-26T11:28:14.572106" level="INFO">DELETE Response : url=http://localhost:3000/posts/5 
 status=200, reason=OK 
 headers={'X-Powered-By': 'tinyhttp', 'Access-Control-Allow-Origin': '*', 'Access-Control-Allow-Methods': 'GET, HEAD, PUT, PATCH, POST, DELETE', 'Access-Control-Allow-Headers': 'content-type', 'Content-Type': 'application/json', 'Date': 'Tue, 26 Mar 2024 14:28:14 GMT', 'Connection': 'keep-alive', 'Keep-Alive': 'timeout=5', 'Content-Length': '61'} 
 body={
  "id": "5",
  "title": "updated title",
  "views": "300"
} 
 </msg>
<msg time="2024-03-26T11:28:14.572106" level="INFO">${responseDelete} = &lt;Response [200]&gt;</msg>
<var>${responseDelete}</var>
<arg>JSONServer</arg>
<arg>/posts/${RESPONSE1.json()['id']}</arg>
<arg>headers=${headers}</arg>
<doc>Sends a DELETE request on a previously created HTTP Session.</doc>
<status status="PASS" start="2024-03-26T11:28:14.568599" elapsed="0.003507"/>
</kw>
<kw name="Set Test Variable" owner="BuiltIn">
<msg time="2024-03-26T11:28:14.572631" level="INFO">${RESPONSE1} = &lt;Response [200]&gt;</msg>
<arg>${RESPONSE1}</arg>
<arg>${responseDelete}</arg>
<doc>Makes a variable available everywhere within the scope of the current test.</doc>
<status status="PASS" start="2024-03-26T11:28:14.572631" elapsed="0.000000"/>
</kw>
<status status="PASS" start="2024-03-26T11:28:14.567600" elapsed="0.005031"/>
</kw>
<doc>Como usuário, quero atualizar uma postagem existente na API e verificar seus dados</doc>
<tag>api</tag>
<tag>atualizar_postagem</tag>
<status status="PASS" start="2024-03-26T11:28:14.554686" elapsed="0.017945"/>
</test>
<status status="PASS" start="2024-03-26T11:28:14.361248" elapsed="0.212388"/>
</suite>
<statistics>
<total>
<stat pass="4" fail="0" skip="0">All Tests</stat>
</total>
<tag>
<stat pass="4" fail="0" skip="0">api</stat>
<stat pass="1" fail="0" skip="0">atualizar_postagem</stat>
<stat pass="1" fail="0" skip="0">buscar_postagem</stat>
<stat pass="1" fail="0" skip="0">criar_postagem</stat>
<stat pass="1" fail="0" skip="0">deletar_postagem</stat>
</tag>
<suite>
<stat pass="4" fail="0" skip="0" id="s1" name="rotaProfiles">rotaProfiles</stat>
</suite>
</statistics>
<errors>
</errors>
</robot>
