<?xml version="1.0" encoding="UTF-8"?>
<robot generator="Robot 7.0 (Python 3.12.2 on win32)" generated="2024-03-24T02:19:35.155193" rpa="false" schemaversion="5">
<suite id="s1" name="Api Testing" source="D:\projetos\api_testing">
<suite id="s1-s1" name="Tests" source="D:\projetos\api_testing\tests">
<suite id="s1-s1-s1" name="Api Testing2" source="D:\projetos\api_testing\tests\api_testing2.robot">
<test id="s1-s1-s1-t1" name="Create Post and Verify Data" line="30">
<kw name="Create Session" owner="RequestsLibrary">
<msg time="2024-03-24T02:19:35.306809" level="INFO">Creating Session using : alias=JSONServer, url=http://localhost:3000, headers={},                     cookies={}, auth=None, timeout=None, proxies=None, verify=False,                     debug=0 </msg>
<arg>JSONServer</arg>
<arg>${BASE_URL}</arg>
<doc>Create Session: create a HTTP session to a server</doc>
<status status="PASS" start="2024-03-24T02:19:35.305810" elapsed="0.000999"/>
</kw>
<kw name="Create Dictionary" owner="BuiltIn">
<msg time="2024-03-24T02:19:35.307809" level="INFO">${headers} = {'Content-Type': 'application/json'}</msg>
<var>${headers}</var>
<arg>Content-Type</arg>
<arg>application/json</arg>
<doc>Creates and returns a dictionary based on the given ``items``.</doc>
<status status="PASS" start="2024-03-24T02:19:35.307809" elapsed="0.000000"/>
</kw>
<kw name="Create Dictionary" owner="BuiltIn">
<msg time="2024-03-24T02:19:35.308809" level="INFO">${payload} = {'id': '3', 'title': 'new title', 'views': '150'}</msg>
<var>${payload}</var>
<arg>id=3</arg>
<arg>title=new title</arg>
<arg>views=150</arg>
<doc>Creates and returns a dictionary based on the given ``items``.</doc>
<status status="PASS" start="2024-03-24T02:19:35.308809" elapsed="0.000000"/>
</kw>
<kw name="Log" owner="BuiltIn">
<msg time="2024-03-24T02:19:35.309809" level="INFO">{'id': '3', 'title': 'new title', 'views': '150'}</msg>
<arg>${payload}</arg>
<doc>Logs the given message with the given level.</doc>
<status status="PASS" start="2024-03-24T02:19:35.309809" elapsed="0.000000"/>
</kw>
<kw name="POST On Session" owner="RequestsLibrary">
<msg time="2024-03-24T02:19:35.316809" level="INFO">POST Request : url=http://localhost:3000/posts 
 path_url=/posts 
 headers={'User-Agent': 'python-requests/2.31.0', 'Accept-Encoding': 'gzip, deflate', 'Accept': '*/*', 'Connection': 'keep-alive', 'Content-Type': 'application/json', 'Content-Length': '49'} 
 body=b'{"id": "3", "title": "new title", "views": "150"}' 
 </msg>
<msg time="2024-03-24T02:19:35.316809" level="INFO">POST Response : url=http://localhost:3000/posts 
 status=201, reason=Created 
 headers={'X-Powered-By': 'tinyhttp', 'Access-Control-Allow-Origin': '*', 'Access-Control-Allow-Methods': 'GET, HEAD, PUT, PATCH, POST, DELETE', 'Access-Control-Allow-Headers': 'content-type', 'Content-Type': 'application/json', 'Date': 'Sun, 24 Mar 2024 05:19:35 GMT', 'Connection': 'keep-alive', 'Keep-Alive': 'timeout=5', 'Content-Length': '57'} 
 body={
  "id": "3",
  "title": "new title",
  "views": "150"
} 
 </msg>
<msg time="2024-03-24T02:19:35.317811" level="INFO">${response} = &lt;Response [201]&gt;</msg>
<var>${response}</var>
<arg>JSONServer</arg>
<arg>/posts</arg>
<arg>json=${payload}</arg>
<arg>headers=${headers}</arg>
<doc>Sends a POST request on a previously created HTTP Session.</doc>
<status status="PASS" start="2024-03-24T02:19:35.310809" elapsed="0.007002"/>
</kw>
<kw name="Log" owner="BuiltIn">
<msg time="2024-03-24T02:19:35.319809" level="INFO">{
  "id": "3",
  "title": "new title",
  "views": "150"
}</msg>
<arg>${response.text}</arg>
<doc>Logs the given message with the given level.</doc>
<status status="PASS" start="2024-03-24T02:19:35.318809" elapsed="0.001000"/>
</kw>
<kw name="Should Be Equal As Strings" owner="BuiltIn">
<msg time="2024-03-24T02:19:35.320809" level="INFO">Argument types are:
&lt;class 'int'&gt;
&lt;class 'str'&gt;</msg>
<arg>${response.status_code}</arg>
<arg>201</arg>
<doc>Fails if objects are unequal after converting them to strings.</doc>
<status status="PASS" start="2024-03-24T02:19:35.319809" elapsed="0.001000"/>
</kw>
<kw name="Convert To Dictionary" owner="Collections">
<msg time="2024-03-24T02:19:35.321811" level="INFO">${created_post} = {'id': '3', 'title': 'new title', 'views': '150'}</msg>
<var>${created_post}</var>
<arg>${response.json()}</arg>
<doc>Converts the given ``item`` to a Python ``dict`` type.</doc>
<status status="PASS" start="2024-03-24T02:19:35.320809" elapsed="0.002001"/>
</kw>
<kw name="Log" owner="BuiltIn">
<msg time="2024-03-24T02:19:35.323808" level="INFO">Created Post: {'id': '3', 'title': 'new title', 'views': '150'}</msg>
<arg>Created Post: ${created_post}</arg>
<doc>Logs the given message with the given level.</doc>
<status status="PASS" start="2024-03-24T02:19:35.322810" elapsed="0.000998"/>
</kw>
<kw name="Should Be Equal As Strings" owner="BuiltIn">
<arg>${created_post['id']}</arg>
<arg>3</arg>
<doc>Fails if objects are unequal after converting them to strings.</doc>
<status status="PASS" start="2024-03-24T02:19:35.323808" elapsed="0.001001"/>
</kw>
<kw name="Should Be Equal As Strings" owner="BuiltIn">
<arg>${created_post['title']}</arg>
<arg>new title</arg>
<doc>Fails if objects are unequal after converting them to strings.</doc>
<status status="PASS" start="2024-03-24T02:19:35.324809" elapsed="0.001001"/>
</kw>
<kw name="Should Be Equal As Strings" owner="BuiltIn">
<arg>${created_post['views']}</arg>
<arg>150</arg>
<doc>Fails if objects are unequal after converting them to strings.</doc>
<status status="PASS" start="2024-03-24T02:19:35.325810" elapsed="0.001000"/>
</kw>
<kw name="Dictionary Should Contain Item" owner="Collections">
<msg time="2024-03-24T02:19:35.326810" level="INFO">False
False</msg>
<arg>${created_post}</arg>
<arg>title</arg>
<arg>new title</arg>
<doc>An item of ``key`` / ``value`` must be found in a ``dictionary``.</doc>
<status status="PASS" start="2024-03-24T02:19:35.326810" elapsed="0.000000"/>
</kw>
<doc>Criar um novo post na API e verificar os dados</doc>
<status status="PASS" start="2024-03-24T02:19:35.303809" elapsed="0.023999"/>
</test>
<status status="PASS" start="2024-03-24T02:19:35.178713" elapsed="0.150096"/>
</suite>
<status status="PASS" start="2024-03-24T02:19:35.175712" elapsed="0.154097"/>
</suite>
<status status="PASS" start="2024-03-24T02:19:35.158204" elapsed="0.172605"/>
</suite>
<statistics>
<total>
<stat pass="1" fail="0" skip="0">All Tests</stat>
</total>
<tag>
</tag>
<suite>
<stat pass="1" fail="0" skip="0" id="s1" name="Api Testing">Api Testing</stat>
<stat pass="1" fail="0" skip="0" id="s1-s1" name="Tests">Api Testing.Tests</stat>
<stat pass="1" fail="0" skip="0" id="s1-s1-s1" name="Api Testing2">Api Testing.Tests.Api Testing2</stat>
</suite>
</statistics>
<errors>
</errors>
</robot>
